<?xml version="1.0" encoding="UTF-8"?>
<testsuite xmlns:xsi="http://www.w3.org/2001/XMLSchema-instance" xsi:noNamespaceSchemaLocation="https://maven.apache.org/surefire/maven-surefire-plugin/xsd/surefire-test-report-3.0.xsd" version="3.0" name="TestSuite" time="50.817" tests="1" errors="0" skipped="0" failures="1">
  <properties>
[...]
</properties>
  <testcase name="case01_SearchFilterSelectSpecificVideo" classname="AmazonPurchase" time="19.838">
    <failure message="expected [9] but found [8]" type="java.lang.AssertionError"><![CDATA[java.lang.AssertionError: expected [9] but found [8]
	at org.testng.Assert.fail(Assert.java:111)
	at org.testng.Assert.failNotEquals(Assert.java:1578)
	at org.testng.Assert.assertEqualsImpl(Assert.java:150)
	at org.testng.Assert.assertEquals(Assert.java:132)
	at org.testng.Assert.assertEquals(Assert.java:1419)
	at org.testng.Assert.assertEquals(Assert.java:1383)
	at org.testng.Assert.assertEquals(Assert.java:1429)
	at AmazonPurchase.case01_SearchFilterSelectSpecificVideo(AmazonPurchase.java:54)
	at java.base/jdk.internal.reflect.DirectMethodHandleAccessor.invoke(DirectMethodHandleAccessor.java:103)
	at java.base/java.lang.reflect.Method.invoke(Method.java:580)
	at org.testng.internal.invokers.MethodInvocationHelper.invokeMethod(MethodInvocationHelper.java:141)
	at org.testng.internal.invokers.TestInvoker.invokeMethod(TestInvoker.java:686)
	at org.testng.internal.invokers.TestInvoker.invokeTestMethod(TestInvoker.java:230)
	at org.testng.internal.invokers.MethodRunner.runInSequence(MethodRunner.java:63)
	at org.testng.internal.invokers.TestInvoker$MethodInvocationAgent.invoke(TestInvoker.java:992)
	at org.testng.internal.invokers.TestInvoker.invokeTestMethods(TestInvoker.java:203)
	at org.testng.internal.invokers.TestMethodWorker.invokeTestMethods(TestMethodWorker.java:154)
	at org.testng.internal.invokers.TestMethodWorker.run(TestMethodWorker.java:134)
	at java.base/java.util.concurrent.Executors$RunnableAdapter.call(Executors.java:572)
	at java.base/java.util.concurrent.FutureTask.run(FutureTask.java:317)
	at org.testng.internal.thread.graph.TestNGFutureTask.run(TestNGFutureTask.java:22)
	at java.base/java.util.concurrent.ThreadPoolExecutor.runWorker(ThreadPoolExecutor.java:1144)
	at java.base/java.util.concurrent.ThreadPoolExecutor$Worker.run(ThreadPoolExecutor.java:642)
	at java.base/java.lang.Thread.run(Thread.java:1583)
]]></failure>
    <system-out><![CDATA[21:36:38.520 [main] DEBUG org.testng.TestNG - suiteXmlPath: "C:\Users\ebteh\Documents\Vois_Automation_Task\VOIS_Youtube\src\test\resources\testng.xml"
21:36:38.580 [main] WARN org.testng.xml.TestNGContentHandler - It is strongly recommended to add "<!DOCTYPE suite SYSTEM "https://testng.org/testng-1.1.dtd" >" at the top of the suite file [C:\Users\ebteh\Documents\Vois_Automation_Task\VOIS_Youtube\src\test\resources\TestNG.xml] otherwise TestNG may fail or not work as expected.
21:36:38.999 [TestNG-test- Search In Youtube - Chrome-1] DEBUG io.github.bonigarcia.wdm.WebDriverManager - Using WebDriverManager 5.6.1
21:36:39.309 [TestNG-test- Search In Youtube - Chrome-1] DEBUG io.github.bonigarcia.wdm.cache.ResolutionCache - Resolution chrome=136 in cache (valid until 22:22:34 01/06/2025 EEST)
21:36:39.309 [TestNG-test- Search In Youtube - Chrome-1] DEBUG io.github.bonigarcia.wdm.cache.ResolutionCache - Resolution chrome136=136.0.7103.113 in cache (valid until 12:22:10 02/06/2025 EEST)
21:36:39.310 [TestNG-test- Search In Youtube - Chrome-1] INFO io.github.bonigarcia.wdm.WebDriverManager - Using chromedriver 136.0.7103.113 (resolved driver for Chrome 136)
21:36:39.322 [TestNG-test- Search In Youtube - Chrome-1] DEBUG io.github.bonigarcia.wdm.WebDriverManager - Driver chromedriver 136.0.7103.113 found in cache
21:36:39.323 [TestNG-test- Search In Youtube - Chrome-1] INFO io.github.bonigarcia.wdm.WebDriverManager - Exporting webdriver.chrome.driver as C:\Users\ebteh\.cache\selenium\chromedriver\win64\136.0.7103.113\chromedriver.exe
Thread ID: 33 | Driver: ChromeDriver: chrome on windows (e5a202ce08232c4949646f34c287f36a)
hiAll Video Games
Clicked subCategory: All Video Games
Selected: [[ChromeDriver: chrome on windows (e5a202ce08232c4949646f34c287f36a)] -> xpath: //div[contains(@id,'s-refinements')]//ul//li//a/span]
Selected: [[ChromeDriver: chrome on windows (e5a202ce08232c4949646f34c287f36a)] -> xpath: //div[contains(@id,'s-refinements')]//ul//li//a/span]
sortby[[ChromeDriver: chrome on windows (e5a202ce08232c4949646f34c287f36a)] -> xpath: //div[contains(@class,'popover')]/ul//li[contains(@aria-labelledby,'sort-select')]//a[contains(@id,'result-sort')]]
Searching products on page 2...
Skipping product: no such element: Unable to locate element: {"method":"xpath","selector":".//span[@class='a-price-whole']"}
  (Session info: chrome=136.0.7103.114)
For documentation on this error, please visit: https://www.selenium.dev/documentation/webdriver/troubleshooting/errors#no-such-element-exception
Build info: version: '4.18.1', revision: 'b1d3319b48'
System info: os.name: 'Windows 11', os.arch: 'amd64', os.version: '10.0', java.version: '21.0.6'
Driver info: org.openqa.selenium.chrome.ChromeDriver
Command: [e5a202ce08232c4949646f34c287f36a, findChildElement {using=xpath, value=.//span[@class='a-price-whole'], id=f.021F443AD875458C1C199A4818A25D7F.d.CBD14BDC5390C8FC29EA4CC10455BCBA.e.620}]
Capabilities {acceptInsecureCerts: false, browserName: chrome, browserVersion: 136.0.7103.114, chrome: {chromedriverVersion: 136.0.7103.113 (76fa3c17824..., userDataDir: C:\Users\ebteh\AppData\Loca...}, fedcm:accounts: true, goog:chromeOptions: {debuggerAddress: localhost:52708}, networkConnectionEnabled: false, pageLoadStrategy: normal, platformName: windows, proxy: Proxy(), se:cdp: ws://localhost:52708/devtoo..., se:cdpVersion: 136.0.7103.114, setWindowRect: true, strictFileInteractability: false, timeouts: {implicit: 0, pageLoad: 300000, script: 30000}, unhandledPromptBehavior: dismiss and notify, webauthn:extension:credBlob: true, webauthn:extension:largeBlob: true, webauthn:extension:minPinLength: true, webauthn:extension:prf: true, webauthn:virtualAuthenticators: true}
Session ID: e5a202ce08232c4949646f34c287f36a
Skipping product: no such element: Unable to locate element: {"method":"xpath","selector":".//span[@class='a-price-whole']"}
  (Session info: chrome=136.0.7103.114)
For documentation on this error, please visit: https://www.selenium.dev/documentation/webdriver/troubleshooting/errors#no-such-element-exception
Build info: version: '4.18.1', revision: 'b1d3319b48'
System info: os.name: 'Windows 11', os.arch: 'amd64', os.version: '10.0', java.version: '21.0.6'
Driver info: org.openqa.selenium.chrome.ChromeDriver
Command: [e5a202ce08232c4949646f34c287f36a, findChildElement {using=xpath, value=.//span[@class='a-price-whole'], id=f.021F443AD875458C1C199A4818A25D7F.d.CBD14BDC5390C8FC29EA4CC10455BCBA.e.622}]
Capabilities {acceptInsecureCerts: false, browserName: chrome, browserVersion: 136.0.7103.114, chrome: {chromedriverVersion: 136.0.7103.113 (76fa3c17824..., userDataDir: C:\Users\ebteh\AppData\Loca...}, fedcm:accounts: true, goog:chromeOptions: {debuggerAddress: localhost:52708}, networkConnectionEnabled: false, pageLoadStrategy: normal, platformName: windows, proxy: Proxy(), se:cdp: ws://localhost:52708/devtoo..., se:cdpVersion: 136.0.7103.114, setWindowRect: true, strictFileInteractability: false, timeouts: {implicit: 0, pageLoad: 300000, script: 30000}, unhandledPromptBehavior: dismiss and notify, webauthn:extension:credBlob: true, webauthn:extension:largeBlob: true, webauthn:extension:minPinLength: true, webauthn:extension:prf: true, webauthn:virtualAuthenticators: true}
Session ID: e5a202ce08232c4949646f34c287f36a
Skipping product: no such element: Unable to locate element: {"method":"xpath","selector":".//span[@class='a-price-whole']"}
  (Session info: chrome=136.0.7103.114)
For documentation on this error, please visit: https://www.selenium.dev/documentation/webdriver/troubleshooting/errors#no-such-element-exception
Build info: version: '4.18.1', revision: 'b1d3319b48'
System info: os.name: 'Windows 11', os.arch: 'amd64', os.version: '10.0', java.version: '21.0.6'
Driver info: org.openqa.selenium.chrome.ChromeDriver
Command: [e5a202ce08232c4949646f34c287f36a, findChildElement {using=xpath, value=.//span[@class='a-price-whole'], id=f.021F443AD875458C1C199A4818A25D7F.d.CBD14BDC5390C8FC29EA4CC10455BCBA.e.623}]
Capabilities {acceptInsecureCerts: false, browserName: chrome, browserVersion: 136.0.7103.114, chrome: {chromedriverVersion: 136.0.7103.113 (76fa3c17824..., userDataDir: C:\Users\ebteh\AppData\Loca...}, fedcm:accounts: true, goog:chromeOptions: {debuggerAddress: localhost:52708}, networkConnectionEnabled: false, pageLoadStrategy: normal, platformName: windows, proxy: Proxy(), se:cdp: ws://localhost:52708/devtoo..., se:cdpVersion: 136.0.7103.114, setWindowRect: true, strictFileInteractability: false, timeouts: {implicit: 0, pageLoad: 300000, script: 30000}, unhandledPromptBehavior: dismiss and notify, webauthn:extension:credBlob: true, webauthn:extension:largeBlob: true, webauthn:extension:minPinLength: true, webauthn:extension:prf: true, webauthn:virtualAuthenticators: true}
Session ID: e5a202ce08232c4949646f34c287f36a
Skipping product: no such element: Unable to locate element: {"method":"xpath","selector":".//span[@class='a-price-whole']"}
  (Session info: chrome=136.0.7103.114)
For documentation on this error, please visit: https://www.selenium.dev/documentation/webdriver/troubleshooting/errors#no-such-element-exception
Build info: version: '4.18.1', revision: 'b1d3319b48'
System info: os.name: 'Windows 11', os.arch: 'amd64', os.version: '10.0', java.version: '21.0.6'
Driver info: org.openqa.selenium.chrome.ChromeDriver
Command: [e5a202ce08232c4949646f34c287f36a, findChildElement {using=xpath, value=.//span[@class='a-price-whole'], id=f.021F443AD875458C1C199A4818A25D7F.d.CBD14BDC5390C8FC29EA4CC10455BCBA.e.624}]
Capabilities {acceptInsecureCerts: false, browserName: chrome, browserVersion: 136.0.7103.114, chrome: {chromedriverVersion: 136.0.7103.113 (76fa3c17824..., userDataDir: C:\Users\ebteh\AppData\Loca...}, fedcm:accounts: true, goog:chromeOptions: {debuggerAddress: localhost:52708}, networkConnectionEnabled: false, pageLoadStrategy: normal, platformName: windows, proxy: Proxy(), se:cdp: ws://localhost:52708/devtoo..., se:cdpVersion: 136.0.7103.114, setWindowRect: true, strictFileInteractability: false, timeouts: {implicit: 0, pageLoad: 300000, script: 30000}, unhandledPromptBehavior: dismiss and notify, webauthn:extension:credBlob: true, webauthn:extension:largeBlob: true, webauthn:extension:minPinLength: true, webauthn:extension:prf: true, webauthn:virtualAuthenticators: true}
Session ID: e5a202ce08232c4949646f34c287f36a
Skipping product: no such element: Unable to locate element: {"method":"xpath","selector":".//span[@class='a-price-whole']"}
  (Session info: chrome=136.0.7103.114)
For documentation on this error, please visit: https://www.selenium.dev/documentation/webdriver/troubleshooting/errors#no-such-element-exception
Build info: version: '4.18.1', revision: 'b1d3319b48'
System info: os.name: 'Windows 11', os.arch: 'amd64', os.version: '10.0', java.version: '21.0.6'
Driver info: org.openqa.selenium.chrome.ChromeDriver
Command: [e5a202ce08232c4949646f34c287f36a, findChildElement {using=xpath, value=.//span[@class='a-price-whole'], id=f.021F443AD875458C1C199A4818A25D7F.d.CBD14BDC5390C8FC29EA4CC10455BCBA.e.625}]
Capabilities {acceptInsecureCerts: false, browserName: chrome, browserVersion: 136.0.7103.114, chrome: {chromedriverVersion: 136.0.7103.113 (76fa3c17824..., userDataDir: C:\Users\ebteh\AppData\Loca...}, fedcm:accounts: true, goog:chromeOptions: {debuggerAddress: localhost:52708}, networkConnectionEnabled: false, pageLoadStrategy: normal, platformName: windows, proxy: Proxy(), se:cdp: ws://localhost:52708/devtoo..., se:cdpVersion: 136.0.7103.114, setWindowRect: true, strictFileInteractability: false, timeouts: {implicit: 0, pageLoad: 300000, script: 30000}, unhandledPromptBehavior: dismiss and notify, webauthn:extension:credBlob: true, webauthn:extension:largeBlob: true, webauthn:extension:minPinLength: true, webauthn:extension:prf: true, webauthn:virtualAuthenticators: true}
Session ID: e5a202ce08232c4949646f34c287f36a
Skipping product: no such element: Unable to locate element: {"method":"xpath","selector":".//span[@class='a-price-whole']"}
  (Session info: chrome=136.0.7103.114)
For documentation on this error, please visit: https://www.selenium.dev/documentation/webdriver/troubleshooting/errors#no-such-element-exception
Build info: version: '4.18.1', revision: 'b1d3319b48'
System info: os.name: 'Windows 11', os.arch: 'amd64', os.version: '10.0', java.version: '21.0.6'
Driver info: org.openqa.selenium.chrome.ChromeDriver
Command: [e5a202ce08232c4949646f34c287f36a, findChildElement {using=xpath, value=.//span[@class='a-price-whole'], id=f.021F443AD875458C1C199A4818A25D7F.d.CBD14BDC5390C8FC29EA4CC10455BCBA.e.626}]
Capabilities {acceptInsecureCerts: false, browserName: chrome, browserVersion: 136.0.7103.114, chrome: {chromedriverVersion: 136.0.7103.113 (76fa3c17824..., userDataDir: C:\Users\ebteh\AppData\Loca...}, fedcm:accounts: true, goog:chromeOptions: {debuggerAddress: localhost:52708}, networkConnectionEnabled: false, pageLoadStrategy: normal, platformName: windows, proxy: Proxy(), se:cdp: ws://localhost:52708/devtoo..., se:cdpVersion: 136.0.7103.114, setWindowRect: true, strictFileInteractability: false, timeouts: {implicit: 0, pageLoad: 300000, script: 30000}, unhandledPromptBehavior: dismiss and notify, webauthn:extension:credBlob: true, webauthn:extension:largeBlob: true, webauthn:extension:minPinLength: true, webauthn:extension:prf: true, webauthn:virtualAuthenticators: true}
Session ID: e5a202ce08232c4949646f34c287f36a
Failed to get current page number: For input string: "Previous"
Searching products on page -1...
Skipping product: no such element: Unable to locate element: {"method":"xpath","selector":".//span[@class='a-price-whole']"}
  (Session info: chrome=136.0.7103.114)
For documentation on this error, please visit: https://www.selenium.dev/documentation/webdriver/troubleshooting/errors#no-such-element-exception
Build info: version: '4.18.1', revision: 'b1d3319b48'
System info: os.name: 'Windows 11', os.arch: 'amd64', os.version: '10.0', java.version: '21.0.6'
Driver info: org.openqa.selenium.chrome.ChromeDriver
Command: [e5a202ce08232c4949646f34c287f36a, findChildElement {using=xpath, value=.//span[@class='a-price-whole'], id=f.021F443AD875458C1C199A4818A25D7F.d.CBD14BDC5390C8FC29EA4CC10455BCBA.e.697}]
Capabilities {acceptInsecureCerts: false, browserName: chrome, browserVersion: 136.0.7103.114, chrome: {chromedriverVersion: 136.0.7103.113 (76fa3c17824..., userDataDir: C:\Users\ebteh\AppData\Loca...}, fedcm:accounts: true, goog:chromeOptions: {debuggerAddress: localhost:52708}, networkConnectionEnabled: false, pageLoadStrategy: normal, platformName: windows, proxy: Proxy(), se:cdp: ws://localhost:52708/devtoo..., se:cdpVersion: 136.0.7103.114, setWindowRect: true, strictFileInteractability: false, timeouts: {implicit: 0, pageLoad: 300000, script: 30000}, unhandledPromptBehavior: dismiss and notify, webauthn:extension:credBlob: true, webauthn:extension:largeBlob: true, webauthn:extension:minPinLength: true, webauthn:extension:prf: true, webauthn:virtualAuthenticators: true}
Session ID: e5a202ce08232c4949646f34c287f36a
Skipping product: no such element: Unable to locate element: {"method":"xpath","selector":".//span[@class='a-price-whole']"}
  (Session info: chrome=136.0.7103.114)
For documentation on this error, please visit: https://www.selenium.dev/documentation/webdriver/troubleshooting/errors#no-such-element-exception
Build info: version: '4.18.1', revision: 'b1d3319b48'
System info: os.name: 'Windows 11', os.arch: 'amd64', os.version: '10.0', java.version: '21.0.6'
Driver info: org.openqa.selenium.chrome.ChromeDriver
Command: [e5a202ce08232c4949646f34c287f36a, findChildElement {using=xpath, value=.//span[@class='a-price-whole'], id=f.021F443AD875458C1C199A4818A25D7F.d.CBD14BDC5390C8FC29EA4CC10455BCBA.e.698}]
Capabilities {acceptInsecureCerts: false, browserName: chrome, browserVersion: 136.0.7103.114, chrome: {chromedriverVersion: 136.0.7103.113 (76fa3c17824..., userDataDir: C:\Users\ebteh\AppData\Loca...}, fedcm:accounts: true, goog:chromeOptions: {debuggerAddress: localhost:52708}, networkConnectionEnabled: false, pageLoadStrategy: normal, platformName: windows, proxy: Proxy(), se:cdp: ws://localhost:52708/devtoo..., se:cdpVersion: 136.0.7103.114, setWindowRect: true, strictFileInteractability: false, timeouts: {implicit: 0, pageLoad: 300000, script: 30000}, unhandledPromptBehavior: dismiss and notify, webauthn:extension:credBlob: true, webauthn:extension:largeBlob: true, webauthn:extension:minPinLength: true, webauthn:extension:prf: true, webauthn:virtualAuthenticators: true}
Session ID: e5a202ce08232c4949646f34c287f36a
Skipping product: no such element: Unable to locate element: {"method":"xpath","selector":".//span[@class='a-price-whole']"}
  (Session info: chrome=136.0.7103.114)
For documentation on this error, please visit: https://www.selenium.dev/documentation/webdriver/troubleshooting/errors#no-such-element-exception
Build info: version: '4.18.1', revision: 'b1d3319b48'
System info: os.name: 'Windows 11', os.arch: 'amd64', os.version: '10.0', java.version: '21.0.6'
Driver info: org.openqa.selenium.chrome.ChromeDriver
Command: [e5a202ce08232c4949646f34c287f36a, findChildElement {using=xpath, value=.//span[@class='a-price-whole'], id=f.021F443AD875458C1C199A4818A25D7F.d.CBD14BDC5390C8FC29EA4CC10455BCBA.e.700}]
Capabilities {acceptInsecureCerts: false, browserName: chrome, browserVersion: 136.0.7103.114, chrome: {chromedriverVersion: 136.0.7103.113 (76fa3c17824..., userDataDir: C:\Users\ebteh\AppData\Loca...}, fedcm:accounts: true, goog:chromeOptions: {debuggerAddress: localhost:52708}, networkConnectionEnabled: false, pageLoadStrategy: normal, platformName: windows, proxy: Proxy(), se:cdp: ws://localhost:52708/devtoo..., se:cdpVersion: 136.0.7103.114, setWindowRect: true, strictFileInteractability: false, timeouts: {implicit: 0, pageLoad: 300000, script: 30000}, unhandledPromptBehavior: dismiss and notify, webauthn:extension:credBlob: true, webauthn:extension:largeBlob: true, webauthn:extension:minPinLength: true, webauthn:extension:prf: true, webauthn:virtualAuthenticators: true}
Session ID: e5a202ce08232c4949646f34c287f36a
Skipping product: no such element: Unable to locate element: {"method":"xpath","selector":".//span[@class='a-price-whole']"}
  (Session info: chrome=136.0.7103.114)
For documentation on this error, please visit: https://www.selenium.dev/documentation/webdriver/troubleshooting/errors#no-such-element-exception
Build info: version: '4.18.1', revision: 'b1d3319b48'
System info: os.name: 'Windows 11', os.arch: 'amd64', os.version: '10.0', java.version: '21.0.6'
Driver info: org.openqa.selenium.chrome.ChromeDriver
Command: [e5a202ce08232c4949646f34c287f36a, findChildElement {using=xpath, value=.//span[@class='a-price-whole'], id=f.021F443AD875458C1C199A4818A25D7F.d.CBD14BDC5390C8FC29EA4CC10455BCBA.e.702}]
Capabilities {acceptInsecureCerts: false, browserName: chrome, browserVersion: 136.0.7103.114, chrome: {chromedriverVersion: 136.0.7103.113 (76fa3c17824..., userDataDir: C:\Users\ebteh\AppData\Loca...}, fedcm:accounts: true, goog:chromeOptions: {debuggerAddress: localhost:52708}, networkConnectionEnabled: false, pageLoadStrategy: normal, platformName: windows, proxy: Proxy(), se:cdp: ws://localhost:52708/devtoo..., se:cdpVersion: 136.0.7103.114, setWindowRect: true, strictFileInteractability: false, timeouts: {implicit: 0, pageLoad: 300000, script: 30000}, unhandledPromptBehavior: dismiss and notify, webauthn:extension:credBlob: true, webauthn:extension:largeBlob: true, webauthn:extension:minPinLength: true, webauthn:extension:prf: true, webauthn:virtualAuthenticators: true}
Session ID: e5a202ce08232c4949646f34c287f36a
Skipping product: no such element: Unable to locate element: {"method":"xpath","selector":".//span[@class='a-price-whole']"}
  (Session info: chrome=136.0.7103.114)
For documentation on this error, please visit: https://www.selenium.dev/documentation/webdriver/troubleshooting/errors#no-such-element-exception
Build info: version: '4.18.1', revision: 'b1d3319b48'
System info: os.name: 'Windows 11', os.arch: 'amd64', os.version: '10.0', java.version: '21.0.6'
Driver info: org.openqa.selenium.chrome.ChromeDriver
Command: [e5a202ce08232c4949646f34c287f36a, findChildElement {using=xpath, value=.//span[@class='a-price-whole'], id=f.021F443AD875458C1C199A4818A25D7F.d.CBD14BDC5390C8FC29EA4CC10455BCBA.e.705}]
Capabilities {acceptInsecureCerts: false, browserName: chrome, browserVersion: 136.0.7103.114, chrome: {chromedriverVersion: 136.0.7103.113 (76fa3c17824..., userDataDir: C:\Users\ebteh\AppData\Loca...}, fedcm:accounts: true, goog:chromeOptions: {debuggerAddress: localhost:52708}, networkConnectionEnabled: false, pageLoadStrategy: normal, platformName: windows, proxy: Proxy(), se:cdp: ws://localhost:52708/devtoo..., se:cdpVersion: 136.0.7103.114, setWindowRect: true, strictFileInteractability: false, timeouts: {implicit: 0, pageLoad: 300000, script: 30000}, unhandledPromptBehavior: dismiss and notify, webauthn:extension:credBlob: true, webauthn:extension:largeBlob: true, webauthn:extension:minPinLength: true, webauthn:extension:prf: true, webauthn:virtualAuthenticators: true}
Session ID: e5a202ce08232c4949646f34c287f36a
Found matching products. Adding all and stopping pagination.
Adding: SteelSeries Arctis GameBuds for PlayStation - Wireless In-Ear Gaming Headphones - 2.4GHz + BT5.3 - ANC/Transparency Mode - Water Resistant IP55-40H Battery - Wireless Charging - PS5, PC, Switch,
Adding: ASUS ROG Delta S Lightweight USB-C gaming headset with AI noise-canceling mic, MQA rendering technology, Hi-Res ESS 9281 QUAD DAC, RGB lighting, compatible with PC, Nintendo Switch, Black
Adding: PlayStation Tap Explore Wireless Earbuds
Adding: ASUS ROG Raikiri Pro OLED Display, tri-Mode connectivity, remappable Buttons&triggers, 4 Rear Buttons, Step&Linear triggers, Adjustable Joystick Sensitivity, 3.5mm Jack with ESS DAC, for PC and Xbox
Failed to add product: no such element: Unable to locate element: {"method":"xpath","selector":".//button[@name='submit.addToCart']"}
  (Session info: chrome=136.0.7103.114)
For documentation on this error, please visit: https://www.selenium.dev/documentation/webdriver/troubleshooting/errors#no-such-element-exception
Build info: version: '4.18.1', revision: 'b1d3319b48'
System info: os.name: 'Windows 11', os.arch: 'amd64', os.version: '10.0', java.version: '21.0.6'
Driver info: org.openqa.selenium.chrome.ChromeDriver
Command: [e5a202ce08232c4949646f34c287f36a, findChildElement {using=xpath, value=.//button[@name='submit.addToCart'], id=f.021F443AD875458C1C199A4818A25D7F.d.CBD14BDC5390C8FC29EA4CC10455BCBA.e.704}]
Capabilities {acceptInsecureCerts: false, browserName: chrome, browserVersion: 136.0.7103.114, chrome: {chromedriverVersion: 136.0.7103.113 (76fa3c17824..., userDataDir: C:\Users\ebteh\AppData\Loca...}, fedcm:accounts: true, goog:chromeOptions: {debuggerAddress: localhost:52708}, networkConnectionEnabled: false, pageLoadStrategy: normal, platformName: windows, proxy: Proxy(), se:cdp: ws://localhost:52708/devtoo..., se:cdpVersion: 136.0.7103.114, setWindowRect: true, strictFileInteractability: false, timeouts: {implicit: 0, pageLoad: 300000, script: 30000}, unhandledPromptBehavior: dismiss and notify, webauthn:extension:credBlob: true, webauthn:extension:largeBlob: true, webauthn:extension:minPinLength: true, webauthn:extension:prf: true, webauthn:virtualAuthenticators: true}
Session ID: e5a202ce08232c4949646f34c287f36a
Adding: Microsoft Xbox Elite Series 2 Wireless Controller Core Edition, White
Failed to add product: no such element: Unable to locate element: {"method":"xpath","selector":".//button[@name='submit.addToCart']"}
  (Session info: chrome=136.0.7103.114)
For documentation on this error, please visit: https://www.selenium.dev/documentation/webdriver/troubleshooting/errors#no-such-element-exception
Build info: version: '4.18.1', revision: 'b1d3319b48'
System info: os.name: 'Windows 11', os.arch: 'amd64', os.version: '10.0', java.version: '21.0.6'
Driver info: org.openqa.selenium.chrome.ChromeDriver
Command: [e5a202ce08232c4949646f34c287f36a, findChildElement {using=xpath, value=.//button[@name='submit.addToCart'], id=f.021F443AD875458C1C199A4818A25D7F.d.CBD14BDC5390C8FC29EA4CC10455BCBA.e.706}]
Capabilities {acceptInsecureCerts: false, browserName: chrome, browserVersion: 136.0.7103.114, chrome: {chromedriverVersion: 136.0.7103.113 (76fa3c17824..., userDataDir: C:\Users\ebteh\AppData\Loca...}, fedcm:accounts: true, goog:chromeOptions: {debuggerAddress: localhost:52708}, networkConnectionEnabled: false, pageLoadStrategy: normal, platformName: windows, proxy: Proxy(), se:cdp: ws://localhost:52708/devtoo..., se:cdpVersion: 136.0.7103.114, setWindowRect: true, strictFileInteractability: false, timeouts: {implicit: 0, pageLoad: 300000, script: 30000}, unhandledPromptBehavior: dismiss and notify, webauthn:extension:credBlob: true, webauthn:extension:largeBlob: true, webauthn:extension:minPinLength: true, webauthn:extension:prf: true, webauthn:virtualAuthenticators: true}
Session ID: e5a202ce08232c4949646f34c287f36a
Adding: PXN-V99 Gaming steering wheel, 270/900°3nm force feedback Racing steering wheel, disassembly, with Hall magnetic induction pedal, 6+1 gear shift rod game racing steering wheel for PS4/PS3/Xbox One,
Adding: Nintendo Switch Lite (Coral)
Adding: NEW Razer BlackShark V2 Pro Wireless Gaming Headset 2023 Edition: 50MM Titanium Drivers - HyperClear Super Wideband Mic - Noise-isolating Earcups - Ultra-Soft Memory Foam- 70 Hour Battery Life - White
Adding: Razer Kraken V3 Pro HyperSense Wireless Gaming Headset w/Haptic Technology: Triforce Titanium 50mm Drivers - THX Spatial Audio - HyperSpeed Wireless - Hybrid Fabric & Leatherette Memory Foam Cushions
Adding: Razer Basilisk V3 Pro 35K - White
Adding: Logitech G PRO X Wireless LIGHTSPEED Gaming Headset, Blue VO!CE Mic Filter Tech, 50 mm PRO-G Drivers, DTS Headphone:X 2.0 Surround Sound, Memory Foam, 20+ Hour Battery Life - Black
Total products added: 9
Added products: [SteelSeries Arctis GameBuds for PlayStation - Wireless In-Ear Gaming Headphones - 2.4GHz + BT5.3 - ANC/Transparency Mode - Water Resistant IP55-40H Battery - Wireless Charging - PS5, PC, Switch,, ASUS ROG Delta S Lightweight USB-C gaming headset with AI noise-canceling mic, MQA rendering technology, Hi-Res ESS 9281 QUAD DAC, RGB lighting, compatible with PC, Nintendo Switch, Black, PlayStation Tap Explore Wireless Earbuds, PXN-V99 Gaming steering wheel, 270/900°3nm force feedback Racing steering wheel, disassembly, with Hall magnetic induction pedal, 6+1 gear shift rod game racing steering wheel for PS4/PS3/Xbox One,, Nintendo Switch Lite (Coral), NEW Razer BlackShark V2 Pro Wireless Gaming Headset 2023 Edition: 50MM Titanium Drivers - HyperClear Super Wideband Mic - Noise-isolating Earcups - Ultra-Soft Memory Foam- 70 Hour Battery Life - White, Razer Kraken V3 Pro HyperSense Wireless Gaming Headset w/Haptic Technology: Triforce Titanium 50mm Drivers - THX Spatial Audio - HyperSpeed Wireless - Hybrid Fabric & Leatherette Memory Foam Cushions, Razer Basilisk V3 Pro 35K - White, Logitech G PRO X Wireless LIGHTSPEED Gaming Headset, Blue VO!CE Mic Filter Tech, 50 mm PRO-G Drivers, DTS Headphone:X 2.0 Surround Sound, Memory Foam, 20+ Hour Battery Life - Black]
purchasedProducts[SteelSeries Arctis GameBuds for PlayStation - Wireless In-Ear Gaming Headphones - 2.4GHz + BT5.3 - ANC/Transparency Mode - Water Resistant IP55-40H Battery - Wireless Charging - PS5, PC, Switch,, ASUS ROG Delta S Lightweight USB-C gaming headset with AI noise-canceling mic, MQA rendering technology, Hi-Res ESS 9281 QUAD DAC, RGB lighting, compatible with PC, Nintendo Switch, Black, PlayStation Tap Explore Wireless Earbuds, PXN-V99 Gaming steering wheel, 270/900°3nm force feedback Racing steering wheel, disassembly, with Hall magnetic induction pedal, 6+1 gear shift rod game racing steering wheel for PS4/PS3/Xbox One,, Nintendo Switch Lite (Coral), NEW Razer BlackShark V2 Pro Wireless Gaming Headset 2023 Edition: 50MM Titanium Drivers - HyperClear Super Wideband Mic - Noise-isolating Earcups - Ultra-Soft Memory Foam- 70 Hour Battery Life - White, Razer Kraken V3 Pro HyperSense Wireless Gaming Headset w/Haptic Technology: Triforce Titanium 50mm Drivers - THX Spatial Audio - HyperSpeed Wireless - Hybrid Fabric & Leatherette Memory Foam Cushions, Razer Basilisk V3 Pro 35K - White, Logitech G PRO X Wireless LIGHTSPEED Gaming Headset, Blue VO!CE Mic Filter Tech, 50 mm PRO-G Drivers, DTS Headphone:X 2.0 Surround Sound, Memory Foam, 20+ Hour Battery Life - Black]
cartProducts[Razer Basilisk V3 Pro 35K - White, Razer Kraken V3 Pro HyperSense Wireless Gaming Headset w/Haptic Technology: Triforce Titanium 50mm Drivers - THX Spatial Audio - HyperSpeed Wireless - Hybrid Fabric & Leatherette Memory Foam Cushions, NEW Razer BlackShark V2 Pro Wireless Gaming Headset 2023 Edition: 50MM Titanium Drivers - HyperClear Super Wideband Mic - Noise-isolating Earcups - Ultra-Soft Memory Foam- 70 Hour Battery Life - White, Nintendo Switch Lite (Coral), PXN-V99 Gaming steering wheel, 270/900°3nm force feedback Racing steering wheel, disassembly, with Hall magnetic induction pedal, 6+1 gear shift rod game racing steering wheel for PS4/PS3/Xbox One,, PlayStation Tap Explore Wireless Earbuds, ASUS ROG Delta S Lightweight USB-C gaming headset with AI noise-canceling mic, MQA rendering technology, Hi-Res ESS 9281 QUAD DAC, RGB lighting, compatible with PC, Nintendo Switch, Black, SteelSeries Arctis GameBuds for PlayStation - Wireless In-Ear Gaming Headphones - 2.4GHz + BT5.3 - ANC/Transparency Mode - Water Resistant IP55-40H Battery - Wireless Charging - PS5, PC, Switch,]
]]></system-out>
    <system-err><![CDATA[Jun 01, 2025 9:36:40 PM org.openqa.selenium.devtools.CdpVersionFinder findNearestMatch
WARNING: Unable to find CDP implementation matching 136
Jun 01, 2025 9:36:40 PM org.openqa.selenium.chromium.ChromiumDriver lambda$new$5
WARNING: Unable to find version of CDP to use for 136.0.7103.114. You may need to include a dependency on a specific version of the CDP using something similar to `org.seleniumhq.selenium:selenium-devtools-v86:4.18.1` where the version ("v86") matches the version of the chromium-based browser you're using and the version number of the artifact is the same as Selenium's.
]]></system-err>
  </testcase>
</testsuite>