<?xml version="1.0" encoding="UTF-8"?>
<!-- Generated by org.testng.reporters.JUnitXMLReporter -->
<testsuite ignored="0" hostname="S7S-D605LLNB" failures="1" tests="1" name=" Search In Youtube - Chrome" time="50.196" errors="0" timestamp="2025-06-01T21:37:29 EEST">
  <testcase classname="AmazonPurchase" name="case01_SearchFilterSelectSpecificVideo" time="19.871">
    <failure type="java.lang.AssertionError" message="expected [9] but found [8]">
      <![CDATA[java.lang.AssertionError: expected [9] but found [8]
at AmazonPurchase.case01_SearchFilterSelectSpecificVideo(AmazonPurchase.java:54)
at java.base/java.util.concurrent.Executors$RunnableAdapter.call(Executors.java:572)
at java.base/java.util.concurrent.FutureTask.run(FutureTask.java:317)
at java.base/java.util.concurrent.ThreadPoolExecutor.runWorker(ThreadPoolExecutor.java:1144)
at java.base/java.util.concurrent.ThreadPoolExecutor$Worker.run(ThreadPoolExecutor.java:642)
at java.base/java.lang.Thread.run(Thread.java:1583)
... Removed 18 stack frames]]>
    </failure>
  </testcase> <!-- case01_SearchFilterSelectSpecificVideo -->
</testsuite> <!--  Search In Youtube - Chrome -->
